1616811140184:help
1616811145936:get-account 123
1616811924369:help
1616811930658:signin
1616812270649:help
1616812274824:signin
1616812979340:help
1616812994180:signin
1616814572718:help
1616815514201:get-post
1616816828525:help
1616816858236:get-post
1616816872323:get-post 1
1616820152274:help
1616820160785:create-new-thread
1616820165922:signin
1616820190892:help
1616820229698:list-all-threads
1616820235705:list-replies-on-the-post
1616820239105:list-replies-on-the-post 1
1616820248553:get-all-posts
1616820279363:create-new-thread
1616820726580:help
1616820756163:signin
1616820840156:help
1616820845506:create-new-thread
1616820860154:list-all-threads
1616821152676:help
1616821155549:signin
1616821165764:list-all-threads
1616821385437:help
1616821387620:signin
1616821400497:list-all-threads
1616821467870:signin
1616821477456:list-all-threads
1616821688237:help
1616821696308:list-all-threads
1616821700101:signin
1616821708125:list-all-threads
1616821785015:help
1616821789294:signin
1616821796580:help
1616821805037:list-all-threads
1616821814692:list-replies-on-the-post
1616821817668:list-replies-on-the-post 1
1616821828629:reply-to-athread-or-post
1616821858181:list-replies-on-the-post 1
1616822617087:help
1616823057841:create-new-thread
1616823068146:signin
1616823086441:help
1616823105561:get-all-posts
1616823115272:create-new-thread
1616823127729:get-all-posts
1616823145074:list-all-threads
1616823157536:list-replies-on-the-post 1
1616823167800:get-post 1
1616823178057:reply-to-athread-or-post
1616823219105:get-all-posts
1616823231650:list-replies-on-the-post 2
